
> ece-userapi-redis@1.0.0 start /home/fbraza/Insync/faouzi.brazza@gmail.com/Google Drive/02-DSTI-Master/10-DevOps/devops-project-dsti-fall-2020
> node src/index.js

internal/modules/cjs/loader.js:883
  throw err;
  ^

Error: Cannot find module 'express'
Require stack:
- /home/fbraza/Insync/faouzi.brazza@gmail.com/Google Drive/02-DSTI-Master/10-DevOps/devops-project-dsti-fall-2020/src/index.js
    at Function.Module._resolveFilename (internal/modules/cjs/loader.js:880:15)
    at Function.Module._load (internal/modules/cjs/loader.js:725:27)
    at Module.require (internal/modules/cjs/loader.js:952:19)
    at require (internal/modules/cjs/helpers.js:88:18)
    at Object.<anonymous> (/home/fbraza/Insync/faouzi.brazza@gmail.com/Google Drive/02-DSTI-Master/10-DevOps/devops-project-dsti-fall-2020/src/index.js:1:17)
    at Module._compile (internal/modules/cjs/loader.js:1063:30)
    at Object.Module._extensions..js (internal/modules/cjs/loader.js:1092:10)
    at Module.load (internal/modules/cjs/loader.js:928:32)
    at Function.Module._load (internal/modules/cjs/loader.js:769:14)
    at Function.executeUserEntryPoint [as runMain] (internal/modules/run_main.js:72:12) {
  code: 'MODULE_NOT_FOUND',
  requireStack: [
    '/home/fbraza/Insync/faouzi.brazza@gmail.com/Google Drive/02-DSTI-Master/10-DevOps/devops-project-dsti-fall-2020/src/index.js'
  ]
}
npm ERR! code ELIFECYCLE
npm ERR! errno 1
npm ERR! ece-userapi-redis@1.0.0 start: `node src/index.js`
npm ERR! Exit status 1
npm ERR! 
npm ERR! Failed at the ece-userapi-redis@1.0.0 start script.
npm ERR! This is probably not a problem with npm. There is likely additional logging output above.
npm WARN Local package.json exists, but node_modules missing, did you mean to install?

npm ERR! A complete log of this run can be found in:
npm ERR!     /home/fbraza/.npm/_logs/2020-11-11T10_52_11_976Z-debug.log
